e:\chormedownload\cs5150 ai\assignment\pathfinding\pathfinding\debug\vc142.pdb
e:\chormedownload\cs5150 ai\assignment\pathfinding\pathfinding\debug\vc142.idb
e:\chormedownload\cs5150 ai\assignment\pathfinding\pathfinding\debug\main.obj
e:\chormedownload\cs5150 ai\assignment\pathfinding\pathfinding\debug\pathfinding.obj
e:\chormedownload\cs5150 ai\assignment\pathfinding\pathfinding\debug\openjsonfile.obj
e:\chormedownload\cs5150 ai\assignment\pathfinding\pathfinding\debug\writejsonf.obj
e:\chormedownload\cs5150 ai\assignment\pathfinding\debug\pathfinding.exe
e:\chormedownload\cs5150 ai\assignment\pathfinding\debug\pathfinding.ilk
e:\chormedownload\cs5150 ai\assignment\pathfinding\debug\pathfinding.pdb
e:\chormedownload\cs5150 ai\assignment\pathfinding\pathfinding\debug\vcpkg.applocal.log
e:\chormedownload\cs5150 ai\assignment\pathfinding\debug\jsoncpp.dll
e:\chormedownload\cs5150 ai\assignment\pathfinding\pathfinding\debug\openjsonfile.new.obj.enc
e:\chormedownload\cs5150 ai\assignment\pathfinding\pathfinding\debug\pathfinding.new.obj.enc
e:\chormedownload\cs5150 ai\assignment\pathfinding\pathfinding\debug\pathfinding.tlog\cl.command.1.tlog
e:\chormedownload\cs5150 ai\assignment\pathfinding\pathfinding\debug\pathfinding.tlog\cl.read.1.tlog
e:\chormedownload\cs5150 ai\assignment\pathfinding\pathfinding\debug\pathfinding.tlog\cl.write.1.tlog
e:\chormedownload\cs5150 ai\assignment\pathfinding\pathfinding\debug\pathfinding.tlog\link.command.1.tlog
e:\chormedownload\cs5150 ai\assignment\pathfinding\pathfinding\debug\pathfinding.tlog\link.read.1.tlog
e:\chormedownload\cs5150 ai\assignment\pathfinding\pathfinding\debug\pathfinding.tlog\link.write.1.tlog
e:\chormedownload\cs5150 ai\assignment\pathfinding\pathfinding\debug\pathfinding.tlog\pathfinding.write.1u.tlog
